/usr/bin/ld: removing unused section '.rodata.cst4' in file '/usr/lib/gcc/x86_64-redhat-linux/14/../../../../lib64/crt1.o'
/usr/bin/ld: removing unused section '.data' in file '/usr/lib/gcc/x86_64-redhat-linux/14/../../../../lib64/crt1.o'
/usr/bin/ld: removing unused section '.rodata' in file '/usr/lib/gcc/x86_64-redhat-linux/14/crtbegin.o'
/usr/bin/ld: removing unused section '.data.clip_near_z' in file '/tmp/ccqnOy34.o'
/usr/bin/ld: removing unused section '.data.clip_far_z' in file '/tmp/ccqnOy34.o'
/usr/bin/ld: removing unused section '.data.screen_width' in file '/tmp/ccqnOy34.o'
/usr/bin/ld: removing unused section '.data.screen_heigth' in file '/tmp/ccqnOy34.o'
/usr/bin/ld: removing unused section '.data.view_point' in file '/tmp/ccqnOy34.o'
/usr/bin/ld: removing unused section '.data.light_source' in file '/tmp/ccqnOy34.o'
/usr/bin/ld: removing unused section '.data.ambient_light' in file '/tmp/ccqnOy34.o'
/usr/bin/ld: removing unused section '.bss.view_angle' in file '/tmp/ccqnOy34.o'
/usr/bin/ld: removing unused section '.bss.global_view' in file '/tmp/ccqnOy34.o'
/usr/bin/ld: removing unused section '.bss.color_palette_3d' in file '/tmp/ccqnOy34.o'
/usr/bin/ld: removing unused section '.bss.num_objects' in file '/tmp/ccqnOy34.o'
/usr/bin/ld: removing unused section '.bss.world_object_list' in file '/tmp/ccqnOy34.o'
/usr/bin/ld: removing unused section '.bss.num_polys_frame' in file '/tmp/ccqnOy34.o'
/usr/bin/ld: removing unused section '.bss.world_polys' in file '/tmp/ccqnOy34.o'
/usr/bin/ld: removing unused section '.bss.world_poly_storage' in file '/tmp/ccqnOy34.o'
/usr/bin/ld: removing unused section '.bss.textures' in file '/tmp/ccqnOy34.o'
/usr/bin/ld: removing unused section '.text.Make_Grey_Palette' in file '/tmp/ccqnOy34.o'
/usr/bin/ld: removing unused section '.text.Draw_Triangle_2D_Text' in file '/tmp/ccqnOy34.o'
/usr/bin/ld: removing unused section '.text.Draw_Triangle_2D_Gouraud' in file '/tmp/ccqnOy34.o'
/usr/bin/ld: removing unused section '.text.Triangle_Line' in file '/tmp/ccqnOy34.o'
/usr/bin/ld: removing unused section '.text.Draw_Top_Triangle' in file '/tmp/ccqnOy34.o'
/usr/bin/ld: removing unused section '.text.Draw_Bottom_Triangle' in file '/tmp/ccqnOy34.o'
/usr/bin/ld: removing unused section '.text.Draw_Triangle_2D' in file '/tmp/ccqnOy34.o'
/usr/bin/ld: removing unused section '.text.Dot_Product_3D' in file '/tmp/ccqnOy34.o'
/usr/bin/ld: removing unused section '.text.Mat_Print_4x4' in file '/tmp/ccqnOy34.o'
/usr/bin/ld: removing unused section '.text.Mat_Print_1x4' in file '/tmp/ccqnOy34.o'
/usr/bin/ld: removing unused section '.text.Mat_Mul_1x4_4x4' in file '/tmp/ccqnOy34.o'
/usr/bin/ld: removing unused section '.text.Mat_Zero_4x4' in file '/tmp/ccqnOy34.o'
/usr/bin/ld: removing unused section '.text.Local_To_World_Object' in file '/tmp/ccqnOy34.o'
/usr/bin/ld: removing unused section '.text.Create_World_To_Camera' in file '/tmp/ccqnOy34.o'
/usr/bin/ld: removing unused section '.text.World_To_Camera_Object' in file '/tmp/ccqnOy34.o'
/usr/bin/ld: removing unused section '.text.Position_Object' in file '/tmp/ccqnOy34.o'
/usr/bin/ld: removing unused section '.text.Translate_Object' in file '/tmp/ccqnOy34.o'
/usr/bin/ld: removing unused section '.text.Scale_Object' in file '/tmp/ccqnOy34.o'
/usr/bin/ld: removing unused section '.text.Objects_Collide' in file '/tmp/ccqnOy34.o'
/usr/bin/ld: removing unused section '.text.Clip_Object_3D' in file '/tmp/ccqnOy34.o'
/usr/bin/ld: removing unused section '.text.Remove_Backfaces_And_Shade' in file '/tmp/ccqnOy34.o'
/usr/bin/ld: removing unused section '.text.Remove_Object' in file '/tmp/ccqnOy34.o'
/usr/bin/ld: removing unused section '.text.Generate_Poly_List' in file '/tmp/ccqnOy34.o'
/usr/bin/ld: removing unused section '.text.Project_Polys' in file '/tmp/ccqnOy34.o'
/usr/bin/ld: removing unused section '.text.Draw_Object_Solid' in file '/tmp/ccqnOy34.o'
/usr/bin/ld: removing unused section '.text.Draw_Poly_List' in file '/tmp/ccqnOy34.o'
/usr/bin/ld: removing unused section '.text.Poly_Compare' in file '/tmp/ccqnOy34.o'
/usr/bin/ld: removing unused section '.text.Print_Poly_List' in file '/tmp/ccqnOy34.o'
/usr/bin/ld: removing unused section '.text.Sort_Poly_List' in file '/tmp/ccqnOy34.o'
/usr/bin/ld: removing unused section '.text.Load_Palette_Disk' in file '/tmp/ccqnOy34.o'
/usr/bin/ld: removing unused section '.text.Save_Palette_Disk' in file '/tmp/ccqnOy34.o'
/usr/bin/ld: removing unused section '.data.video_buffer' in file '/tmp/cc1BxEeD.o'
/usr/bin/ld: removing unused section '.data.rom_char_set' in file '/tmp/cc1BxEeD.o'
/usr/bin/ld: removing unused section '.text.Print_Char' in file '/tmp/cc1BxEeD.o'
/usr/bin/ld: removing unused section '.text.Print_String' in file '/tmp/cc1BxEeD.o'
/usr/bin/ld: removing unused section '.text.Write_Pixel' in file '/tmp/cc1BxEeD.o'
/usr/bin/ld: removing unused section '.text.Read_Pixel' in file '/tmp/cc1BxEeD.o'
/usr/bin/ld: removing unused section '.text.Set_Graphics_Mode' in file '/tmp/cc1BxEeD.o'
/usr/bin/ld: removing unused section '.text.Time_Delay' in file '/tmp/cc1BxEeD.o'
/usr/bin/ld: removing unused section '.text.Line_H' in file '/tmp/cc1BxEeD.o'
/usr/bin/ld: removing unused section '.text.Line_V' in file '/tmp/cc1BxEeD.o'
/usr/bin/ld: removing unused section '.text.Write_Color_Reg' in file '/tmp/cc1BxEeD.o'
/usr/bin/ld: removing unused section '.text.Read_Color_Reg' in file '/tmp/cc1BxEeD.o'
/usr/bin/ld: removing unused section '.text.Read_Palette' in file '/tmp/cc1BxEeD.o'
/usr/bin/ld: removing unused section '.text.Write_Palette' in file '/tmp/cc1BxEeD.o'
/usr/bin/ld: removing unused section '.text.Draw_Rectangle' in file '/tmp/cc1BxEeD.o'
/usr/bin/ld: removing unused section '.text.Fill_Screen' in file '/tmp/cc1BxEeD.o'
/usr/bin/ld: removing unused section '.text.Fill_Screen_Z' in file '/tmp/cc1BxEeD.o'
/usr/bin/ld: removing unused section '.text.Write_Pixel_Z' in file '/tmp/cc1BxEeD.o'
/usr/bin/ld: removing unused section '.text.Set_Mode_Z' in file '/tmp/cc1BxEeD.o'
/usr/bin/ld: removing unused section '.data.sprite_width' in file '/tmp/ccaGw49y.o'
/usr/bin/ld: removing unused section '.data.sprite_height' in file '/tmp/ccaGw49y.o'
/usr/bin/ld: removing unused section '.data.page_0_buffer' in file '/tmp/ccaGw49y.o'
/usr/bin/ld: removing unused section '.data.page_1_buffer' in file '/tmp/ccaGw49y.o'
/usr/bin/ld: removing unused section '.bss.mode_z_page' in file '/tmp/ccaGw49y.o'
/usr/bin/ld: removing unused section '.text.PCX_Init' in file '/tmp/ccaGw49y.o'
/usr/bin/ld: removing unused section '.text.PCX_Load' in file '/tmp/ccaGw49y.o'
/usr/bin/ld: removing unused section '.text.PCX_Delete' in file '/tmp/ccaGw49y.o'
/usr/bin/ld: removing unused section '.text.PCX_Show_Buffer' in file '/tmp/ccaGw49y.o'
/usr/bin/ld: removing unused section '.text.PCX_Copy_To_Buffer' in file '/tmp/ccaGw49y.o'
/usr/bin/ld: removing unused section '.text.PCX_Get_Sprite' in file '/tmp/ccaGw49y.o'
/usr/bin/ld: removing unused section '.text.Sprite_Init' in file '/tmp/ccaGw49y.o'
/usr/bin/ld: removing unused section '.text.Sprite_Delete' in file '/tmp/ccaGw49y.o'
/usr/bin/ld: removing unused section '.text.Sprite_Under' in file '/tmp/ccaGw49y.o'
/usr/bin/ld: removing unused section '.text.Sprite_Erase' in file '/tmp/ccaGw49y.o'
/usr/bin/ld: removing unused section '.text.Sprite_Draw' in file '/tmp/ccaGw49y.o'
/usr/bin/ld: removing unused section '.text.Sprite_Under_Clip' in file '/tmp/ccaGw49y.o'
/usr/bin/ld: removing unused section '.text.Sprite_Erase_Clip' in file '/tmp/ccaGw49y.o'
/usr/bin/ld: removing unused section '.text.Sprite_Draw_Clip' in file '/tmp/ccaGw49y.o'
/usr/bin/ld: removing unused section '.text.Sprites_Collide' in file '/tmp/ccaGw49y.o'
/usr/bin/ld: removing unused section '.text.Delete_Double_Buffer' in file '/tmp/ccaGw49y.o'
/usr/bin/ld: removing unused section '.text.Screen_Transition' in file '/tmp/ccaGw49y.o'
/usr/bin/ld: removing unused section '.rodata.Screen_Transition' in file '/tmp/ccaGw49y.o'
/usr/bin/ld: removing unused section '.text.Wait_For_Vertical_Retrace' in file '/tmp/ccaGw49y.o'
/usr/bin/ld: removing unused section '.text.fwordcpy' in file '/tmp/ccaGw49y.o'
/usr/bin/ld: removing unused section '.text.Bitmap_Put' in file '/tmp/ccaGw49y.o'
/usr/bin/ld: removing unused section '.text.Bitmap_Get' in file '/tmp/ccaGw49y.o'
/usr/bin/ld: removing unused section '.text.Bitmap_Allocate' in file '/tmp/ccaGw49y.o'
/usr/bin/ld: removing unused section '.text.Bitmap_Delete' in file '/tmp/ccaGw49y.o'
/usr/bin/ld: removing unused section '.text.Layer_Draw' in file '/tmp/ccaGw49y.o'
/usr/bin/ld: removing unused section '.text.Layer_Build' in file '/tmp/ccaGw49y.o'
/usr/bin/ld: removing unused section '.text.Layer_Create' in file '/tmp/ccaGw49y.o'
/usr/bin/ld: removing unused section '.text.Layer_Delete' in file '/tmp/ccaGw49y.o'
/usr/bin/ld: removing unused section '.text.Print_Char_DB' in file '/tmp/ccaGw49y.o'
/usr/bin/ld: removing unused section '.text.Print_String_DB' in file '/tmp/ccaGw49y.o'
/usr/bin/ld: removing unused section '.text.Write_Pixel_DB' in file '/tmp/ccaGw49y.o'
/usr/bin/ld: removing unused section '.text.Read_Pixel_DB' in file '/tmp/ccaGw49y.o'
/usr/bin/ld: removing unused section '.text.Set_Visual_Page_Mode_Z' in file '/tmp/ccaGw49y.o'
/usr/bin/ld: removing unused section '.text.Set_Working_Page_Mode_Z' in file '/tmp/ccaGw49y.o'
